TMS320C2000 Assembler PC v15.12.3 Fri Feb 24 10:50:42 2017

Tools Copyright (c) 1996-2015 Texas Instruments Incorporated
C:\Users\GUILHE~1\AppData\Local\Temp\0808010                         PAGE    1

       1              ;***************************************************************
       2              ;* TMS320C2000 C/C++ Codegen                   PC v15.12.3.LTS *
       3              ;* Date/Time created: Fri Feb 24 10:50:42 2017                 *
       4              ;***************************************************************
       5                      .compiler_opts --abi=coffabi --float_support=softlib --hll_source=on --mem_model:code=flat --mem_mode
       6        0002  FP      .set    XAR2
       7              
       8              $C$DW$CU        .dwtag  DW_TAG_compile_unit
       9                      .dwattr $C$DW$CU, DW_AT_name("C:/ti/motorware/motorware_1_01_00_16/sw/modules/svgen/src/32b/svgen_cur
      10                      .dwattr $C$DW$CU, DW_AT_producer("TI TMS320C2000 C/C++ Codegen PC v15.12.3.LTS Copyright (c) 1996-201
      11                      .dwattr $C$DW$CU, DW_AT_TI_version(0x01)
      12                      .dwattr $C$DW$CU, DW_AT_comp_dir("C:\Users\guilherme\workspace_v6_2\proj_ITS\Flash")
      13              ;       C:\ti\ccsv6\tools\compiler\c2000_15.12.3.LTS\bin\opt2000.exe C:\\Users\\GUILHE~1\\AppData\\Local\\Tem
      14              ;       C:\ti\ccsv6\tools\compiler\c2000_15.12.3.LTS\bin\ac2000.exe -@C:\\Users\\GUILHE~1\\AppData\\Local\\Te
      15 00000000               .sect   ".text"
      16                      .clink
      17                      .global _SVGENCURRENT_init
      18              
      19              $C$DW$1 .dwtag  DW_TAG_subprogram
      20                      .dwattr $C$DW$1, DW_AT_name("SVGENCURRENT_init")
      21                      .dwattr $C$DW$1, DW_AT_low_pc(_SVGENCURRENT_init)
      22                      .dwattr $C$DW$1, DW_AT_high_pc(0x00)
      23                      .dwattr $C$DW$1, DW_AT_TI_symbol_name("_SVGENCURRENT_init")
      24                      .dwattr $C$DW$1, DW_AT_external
      25                      .dwattr $C$DW$1, DW_AT_type(*$C$DW$T$24)
      26                      .dwattr $C$DW$1, DW_AT_TI_begin_file("C:/ti/motorware/motorware_1_01_00_16/sw/modules/svgen/src/32b/s
      27                      .dwattr $C$DW$1, DW_AT_TI_begin_line(0x39)
      28                      .dwattr $C$DW$1, DW_AT_TI_begin_column(0x15)
      29                      .dwattr $C$DW$1, DW_AT_TI_max_frame_size(-2)
      30                      .dwpsn  file "C:/ti/motorware/motorware_1_01_00_16/sw/modules/svgen/src/32b/svgen_current.c",line 58,
      31              
      32                      .dwfde $C$DW$CIE, _SVGENCURRENT_init
      33              $C$DW$2 .dwtag  DW_TAG_formal_parameter
      34                      .dwattr $C$DW$2, DW_AT_name("pMemory")
      35                      .dwattr $C$DW$2, DW_AT_TI_symbol_name("_pMemory")
      36                      .dwattr $C$DW$2, DW_AT_type(*$C$DW$T$3)
      37                      .dwattr $C$DW$2, DW_AT_location[DW_OP_reg12]
      38              
      39              $C$DW$3 .dwtag  DW_TAG_formal_parameter
      40                      .dwattr $C$DW$3, DW_AT_name("numBytes")
      41                      .dwattr $C$DW$3, DW_AT_TI_symbol_name("_numBytes")
      42                      .dwattr $C$DW$3, DW_AT_type(*$C$DW$T$26)
      43                      .dwattr $C$DW$3, DW_AT_location[DW_OP_reg0]
      44              
      45              
      46              ;***************************************************************
      47              ;* FNAME: _SVGENCURRENT_init            FR SIZE:   0           *
      48              ;*                                                             *
      49              ;* FUNCTION ENVIRONMENT                                        *
      50              ;*                                                             *
      51              ;* FUNCTION PROPERTIES                                         *
      52              ;*                            0 Parameter,  0 Auto,  0 SOE     *
      53              ;***************************************************************
      54              
      55              _SVGENCURRENT_init:
TMS320C2000 Assembler PC v15.12.3 Fri Feb 24 10:50:42 2017

Tools Copyright (c) 1996-2015 Texas Instruments Incorporated
C:\Users\GUILHE~1\AppData\Local\Temp\0808010                         PAGE    2

      56              ;* AR6   assigned to _numBytes
      57              $C$DW$4 .dwtag  DW_TAG_variable
      58                      .dwattr $C$DW$4, DW_AT_name("numBytes")
      59                      .dwattr $C$DW$4, DW_AT_TI_symbol_name("_numBytes")
      60                      .dwattr $C$DW$4, DW_AT_type(*$C$DW$T$26)
      61                      .dwattr $C$DW$4, DW_AT_location[DW_OP_reg16]
      62              
      63                      .dwcfi  cfa_offset, -2
      64                      .dwcfi  save_reg_to_mem, 26, 0
      65 00000000 1EA6          MOVL      XAR6,ACC              ; [CPU_] |58| 
      66                      .dwpsn  file "C:/ti/motorware/motorware_1_01_00_16/sw/modules/svgen/src/32b/svgen_current.c",line 62,
      67 00000001 0202          MOVB      ACC,#2                ; [CPU_] |62| 
      68 00000002 0FA6          CMPL      ACC,XAR6              ; [CPU_] |62| 
      69 00000003 6902          B         $C$L1,LOS             ; [CPU_] |62| 
      70                      ; branchcc occurs ; [] |62| 
      71 00000004 D400          MOVB      XAR4,#0               ; [CPU_] |62| 
      72              $C$L1:    
      73              $C$DW$5 .dwtag  DW_TAG_TI_branch
      74                      .dwattr $C$DW$5, DW_AT_low_pc(0x00)
      75                      .dwattr $C$DW$5, DW_AT_TI_return
      76              
      77 00000005 0006          LRETR     ; [CPU_] 
      78                      ; return occurs ; [] 
      79                      .dwattr $C$DW$1, DW_AT_TI_end_file("C:/ti/motorware/motorware_1_01_00_16/sw/modules/svgen/src/32b/svg
      80                      .dwattr $C$DW$1, DW_AT_TI_end_line(0x44)
      81                      .dwattr $C$DW$1, DW_AT_TI_end_column(0x01)
      82                      .dwendentry
      83                      .dwendtag $C$DW$1
      84              
      85              
      86              ;***************************************************************
      87              ;* TYPE INFORMATION                                            *
      88              ;***************************************************************
      89              
      90              $C$DW$T$20      .dwtag  DW_TAG_enumeration_type
      91                      .dwattr $C$DW$T$20, DW_AT_byte_size(0x01)
      92              $C$DW$6 .dwtag  DW_TAG_enumerator
      93                      .dwattr $C$DW$6, DW_AT_name("use_all")
      94                      .dwattr $C$DW$6, DW_AT_const_value(0x00)
      95              
      96              $C$DW$7 .dwtag  DW_TAG_enumerator
      97                      .dwattr $C$DW$7, DW_AT_name("ignore_a")
      98                      .dwattr $C$DW$7, DW_AT_const_value(0x01)
      99              
     100              $C$DW$8 .dwtag  DW_TAG_enumerator
     101                      .dwattr $C$DW$8, DW_AT_name("ignore_b")
     102                      .dwattr $C$DW$8, DW_AT_const_value(0x02)
     103              
     104              $C$DW$9 .dwtag  DW_TAG_enumerator
     105                      .dwattr $C$DW$9, DW_AT_name("ignore_c")
     106                      .dwattr $C$DW$9, DW_AT_const_value(0x03)
     107              
     108              $C$DW$10        .dwtag  DW_TAG_enumerator
     109                      .dwattr $C$DW$10, DW_AT_name("ignore_ab")
     110                      .dwattr $C$DW$10, DW_AT_const_value(0x04)
TMS320C2000 Assembler PC v15.12.3 Fri Feb 24 10:50:42 2017

Tools Copyright (c) 1996-2015 Texas Instruments Incorporated
C:\Users\GUILHE~1\AppData\Local\Temp\0808010                         PAGE    3

     111              
     112              $C$DW$11        .dwtag  DW_TAG_enumerator
     113                      .dwattr $C$DW$11, DW_AT_name("ignore_ac")
     114                      .dwattr $C$DW$11, DW_AT_const_value(0x05)
     115              
     116              $C$DW$12        .dwtag  DW_TAG_enumerator
     117                      .dwattr $C$DW$12, DW_AT_name("ignore_bc")
     118                      .dwattr $C$DW$12, DW_AT_const_value(0x06)
     119              
     120                      .dwendtag $C$DW$T$20
     121              
     122              $C$DW$T$21      .dwtag  DW_TAG_typedef
     123                      .dwattr $C$DW$T$21, DW_AT_name("SVGENCURRENT_IgnoreShunt_e")
     124                      .dwattr $C$DW$T$21, DW_AT_type(*$C$DW$T$20)
     125                      .dwattr $C$DW$T$21, DW_AT_language(DW_LANG_C)
     126              
     127              
     128              $C$DW$T$22      .dwtag  DW_TAG_structure_type
     129                      .dwattr $C$DW$T$22, DW_AT_name("_SVGENCURRENT_Obj_")
     130                      .dwattr $C$DW$T$22, DW_AT_byte_size(0x02)
     131              $C$DW$13        .dwtag  DW_TAG_member
     132                      .dwattr $C$DW$13, DW_AT_type(*$C$DW$T$19)
     133                      .dwattr $C$DW$13, DW_AT_name("MinWidth")
     134                      .dwattr $C$DW$13, DW_AT_TI_symbol_name("_MinWidth")
     135                      .dwattr $C$DW$13, DW_AT_data_member_location[DW_OP_plus_uconst 0x0]
     136                      .dwattr $C$DW$13, DW_AT_accessibility(DW_ACCESS_public)
     137              
     138              $C$DW$14        .dwtag  DW_TAG_member
     139                      .dwattr $C$DW$14, DW_AT_type(*$C$DW$T$21)
     140                      .dwattr $C$DW$14, DW_AT_name("IgnoreShunt")
     141                      .dwattr $C$DW$14, DW_AT_TI_symbol_name("_IgnoreShunt")
     142                      .dwattr $C$DW$14, DW_AT_data_member_location[DW_OP_plus_uconst 0x1]
     143                      .dwattr $C$DW$14, DW_AT_accessibility(DW_ACCESS_public)
     144              
     145                      .dwendtag $C$DW$T$22
     146              
     147              $C$DW$T$23      .dwtag  DW_TAG_pointer_type
     148                      .dwattr $C$DW$T$23, DW_AT_type(*$C$DW$T$22)
     149                      .dwattr $C$DW$T$23, DW_AT_address_class(0x20)
     150              
     151              $C$DW$T$24      .dwtag  DW_TAG_typedef
     152                      .dwattr $C$DW$T$24, DW_AT_name("SVGENCURRENT_Handle")
     153                      .dwattr $C$DW$T$24, DW_AT_type(*$C$DW$T$23)
     154                      .dwattr $C$DW$T$24, DW_AT_language(DW_LANG_C)
     155              
     156              $C$DW$T$2       .dwtag  DW_TAG_unspecified_type
     157                      .dwattr $C$DW$T$2, DW_AT_name("void")
     158              
     159              $C$DW$T$3       .dwtag  DW_TAG_pointer_type
     160                      .dwattr $C$DW$T$3, DW_AT_type(*$C$DW$T$2)
     161                      .dwattr $C$DW$T$3, DW_AT_address_class(0x20)
     162              
     163              $C$DW$T$4       .dwtag  DW_TAG_base_type
     164                      .dwattr $C$DW$T$4, DW_AT_encoding(DW_ATE_boolean)
     165                      .dwattr $C$DW$T$4, DW_AT_name("bool")
TMS320C2000 Assembler PC v15.12.3 Fri Feb 24 10:50:42 2017

Tools Copyright (c) 1996-2015 Texas Instruments Incorporated
C:\Users\GUILHE~1\AppData\Local\Temp\0808010                         PAGE    4

     166                      .dwattr $C$DW$T$4, DW_AT_byte_size(0x01)
     167              
     168              $C$DW$T$5       .dwtag  DW_TAG_base_type
     169                      .dwattr $C$DW$T$5, DW_AT_encoding(DW_ATE_signed_char)
     170                      .dwattr $C$DW$T$5, DW_AT_name("signed char")
     171                      .dwattr $C$DW$T$5, DW_AT_byte_size(0x01)
     172              
     173              $C$DW$T$6       .dwtag  DW_TAG_base_type
     174                      .dwattr $C$DW$T$6, DW_AT_encoding(DW_ATE_unsigned_char)
     175                      .dwattr $C$DW$T$6, DW_AT_name("unsigned char")
     176                      .dwattr $C$DW$T$6, DW_AT_byte_size(0x01)
     177              
     178              $C$DW$T$7       .dwtag  DW_TAG_base_type
     179                      .dwattr $C$DW$T$7, DW_AT_encoding(DW_ATE_signed_char)
     180                      .dwattr $C$DW$T$7, DW_AT_name("wchar_t")
     181                      .dwattr $C$DW$T$7, DW_AT_byte_size(0x01)
     182              
     183              $C$DW$T$8       .dwtag  DW_TAG_base_type
     184                      .dwattr $C$DW$T$8, DW_AT_encoding(DW_ATE_signed)
     185                      .dwattr $C$DW$T$8, DW_AT_name("short")
     186                      .dwattr $C$DW$T$8, DW_AT_byte_size(0x01)
     187              
     188              $C$DW$T$9       .dwtag  DW_TAG_base_type
     189                      .dwattr $C$DW$T$9, DW_AT_encoding(DW_ATE_unsigned)
     190                      .dwattr $C$DW$T$9, DW_AT_name("unsigned short")
     191                      .dwattr $C$DW$T$9, DW_AT_byte_size(0x01)
     192              
     193              $C$DW$T$10      .dwtag  DW_TAG_base_type
     194                      .dwattr $C$DW$T$10, DW_AT_encoding(DW_ATE_signed)
     195                      .dwattr $C$DW$T$10, DW_AT_name("int")
     196                      .dwattr $C$DW$T$10, DW_AT_byte_size(0x01)
     197              
     198              $C$DW$T$19      .dwtag  DW_TAG_typedef
     199                      .dwattr $C$DW$T$19, DW_AT_name("int16_t")
     200                      .dwattr $C$DW$T$19, DW_AT_type(*$C$DW$T$10)
     201                      .dwattr $C$DW$T$19, DW_AT_language(DW_LANG_C)
     202              
     203              $C$DW$T$11      .dwtag  DW_TAG_base_type
     204                      .dwattr $C$DW$T$11, DW_AT_encoding(DW_ATE_unsigned)
     205                      .dwattr $C$DW$T$11, DW_AT_name("unsigned int")
     206                      .dwattr $C$DW$T$11, DW_AT_byte_size(0x01)
     207              
     208              $C$DW$T$12      .dwtag  DW_TAG_base_type
     209                      .dwattr $C$DW$T$12, DW_AT_encoding(DW_ATE_signed)
     210                      .dwattr $C$DW$T$12, DW_AT_name("long")
     211                      .dwattr $C$DW$T$12, DW_AT_byte_size(0x02)
     212              
     213              $C$DW$T$13      .dwtag  DW_TAG_base_type
     214                      .dwattr $C$DW$T$13, DW_AT_encoding(DW_ATE_unsigned)
     215                      .dwattr $C$DW$T$13, DW_AT_name("unsigned long")
     216                      .dwattr $C$DW$T$13, DW_AT_byte_size(0x02)
     217              
     218              $C$DW$T$25      .dwtag  DW_TAG_typedef
     219                      .dwattr $C$DW$T$25, DW_AT_name("size_t")
     220                      .dwattr $C$DW$T$25, DW_AT_type(*$C$DW$T$13)
TMS320C2000 Assembler PC v15.12.3 Fri Feb 24 10:50:42 2017

Tools Copyright (c) 1996-2015 Texas Instruments Incorporated
C:\Users\GUILHE~1\AppData\Local\Temp\0808010                         PAGE    5

     221                      .dwattr $C$DW$T$25, DW_AT_language(DW_LANG_C)
     222              
     223              $C$DW$15        .dwtag  DW_TAG_TI_far_type
     224                      .dwattr $C$DW$15, DW_AT_type(*$C$DW$T$25)
     225              
     226              $C$DW$T$26      .dwtag  DW_TAG_const_type
     227                      .dwattr $C$DW$T$26, DW_AT_type(*$C$DW$15)
     228              
     229              $C$DW$T$14      .dwtag  DW_TAG_base_type
     230                      .dwattr $C$DW$T$14, DW_AT_encoding(DW_ATE_signed)
     231                      .dwattr $C$DW$T$14, DW_AT_name("long long")
     232                      .dwattr $C$DW$T$14, DW_AT_byte_size(0x04)
     233              
     234              $C$DW$T$15      .dwtag  DW_TAG_base_type
     235                      .dwattr $C$DW$T$15, DW_AT_encoding(DW_ATE_unsigned)
     236                      .dwattr $C$DW$T$15, DW_AT_name("unsigned long long")
     237                      .dwattr $C$DW$T$15, DW_AT_byte_size(0x04)
     238              
     239              $C$DW$T$16      .dwtag  DW_TAG_base_type
     240                      .dwattr $C$DW$T$16, DW_AT_encoding(DW_ATE_float)
     241                      .dwattr $C$DW$T$16, DW_AT_name("float")
     242                      .dwattr $C$DW$T$16, DW_AT_byte_size(0x02)
     243              
     244              $C$DW$T$17      .dwtag  DW_TAG_base_type
     245                      .dwattr $C$DW$T$17, DW_AT_encoding(DW_ATE_float)
     246                      .dwattr $C$DW$T$17, DW_AT_name("double")
     247                      .dwattr $C$DW$T$17, DW_AT_byte_size(0x02)
     248              
     249              $C$DW$T$18      .dwtag  DW_TAG_base_type
     250                      .dwattr $C$DW$T$18, DW_AT_encoding(DW_ATE_float)
     251                      .dwattr $C$DW$T$18, DW_AT_name("long double")
     252                      .dwattr $C$DW$T$18, DW_AT_byte_size(0x04)
     253              
     254                      .dwattr $C$DW$CU, DW_AT_language(DW_LANG_C)
     255              
     256              ;***************************************************************
     257              ;* DWARF CIE ENTRIES                                           *
     258              ;***************************************************************
     259              
     260              $C$DW$CIE       .dwcie 26
     261                      .dwcfi  cfa_register, 20
     262                      .dwcfi  cfa_offset, 0
     263                      .dwcfi  undefined, 0
     264                      .dwcfi  undefined, 1
     265                      .dwcfi  undefined, 2
     266                      .dwcfi  undefined, 3
     267                      .dwcfi  undefined, 20
     268                      .dwcfi  undefined, 21
     269                      .dwcfi  undefined, 22
     270                      .dwcfi  undefined, 23
     271                      .dwcfi  undefined, 24
     272                      .dwcfi  undefined, 25
     273                      .dwcfi  undefined, 26
     274                      .dwcfi  same_value, 28
     275                      .dwcfi  undefined, 29
TMS320C2000 Assembler PC v15.12.3 Fri Feb 24 10:50:42 2017

Tools Copyright (c) 1996-2015 Texas Instruments Incorporated
C:\Users\GUILHE~1\AppData\Local\Temp\0808010                         PAGE    6

     276                      .dwcfi  undefined, 30
     277                      .dwcfi  undefined, 31
     278                      .dwcfi  undefined, 32
     279                      .dwcfi  undefined, 33
     280                      .dwcfi  undefined, 34
     281                      .dwcfi  undefined, 35
     282                      .dwcfi  undefined, 36
     283                      .dwcfi  undefined, 37
     284                      .dwcfi  undefined, 38
     285                      .dwcfi  undefined, 75
     286                      .dwcfi  undefined, 76
     287                      .dwcfi  undefined, 77
     288                      .dwcfi  undefined, 4
     289                      .dwcfi  undefined, 5
     290                      .dwcfi  same_value, 6
     291                      .dwcfi  same_value, 7
     292                      .dwcfi  same_value, 8
     293                      .dwcfi  same_value, 9
     294                      .dwcfi  same_value, 10
     295                      .dwcfi  same_value, 11
     296                      .dwcfi  undefined, 12
     297                      .dwcfi  undefined, 13
     298                      .dwcfi  undefined, 14
     299                      .dwcfi  undefined, 15
     300                      .dwcfi  undefined, 16
     301                      .dwcfi  undefined, 17
     302                      .dwcfi  undefined, 18
     303                      .dwcfi  undefined, 19
     304                      .dwendentry
     305              
     306              ;***************************************************************
     307              ;* DWARF REGISTER MAP                                          *
     308              ;***************************************************************
     309              
     310              $C$DW$16        .dwtag  DW_TAG_TI_assign_register
     311                      .dwattr $C$DW$16, DW_AT_name("AL")
     312                      .dwattr $C$DW$16, DW_AT_location[DW_OP_reg0]
     313              
     314              $C$DW$17        .dwtag  DW_TAG_TI_assign_register
     315                      .dwattr $C$DW$17, DW_AT_name("AH")
     316                      .dwattr $C$DW$17, DW_AT_location[DW_OP_reg1]
     317              
     318              $C$DW$18        .dwtag  DW_TAG_TI_assign_register
     319                      .dwattr $C$DW$18, DW_AT_name("PL")
     320                      .dwattr $C$DW$18, DW_AT_location[DW_OP_reg2]
     321              
     322              $C$DW$19        .dwtag  DW_TAG_TI_assign_register
     323                      .dwattr $C$DW$19, DW_AT_name("PH")
     324                      .dwattr $C$DW$19, DW_AT_location[DW_OP_reg3]
     325              
     326              $C$DW$20        .dwtag  DW_TAG_TI_assign_register
     327                      .dwattr $C$DW$20, DW_AT_name("SP")
     328                      .dwattr $C$DW$20, DW_AT_location[DW_OP_reg20]
     329              
     330              $C$DW$21        .dwtag  DW_TAG_TI_assign_register
TMS320C2000 Assembler PC v15.12.3 Fri Feb 24 10:50:42 2017

Tools Copyright (c) 1996-2015 Texas Instruments Incorporated
C:\Users\GUILHE~1\AppData\Local\Temp\0808010                         PAGE    7

     331                      .dwattr $C$DW$21, DW_AT_name("XT")
     332                      .dwattr $C$DW$21, DW_AT_location[DW_OP_reg21]
     333              
     334              $C$DW$22        .dwtag  DW_TAG_TI_assign_register
     335                      .dwattr $C$DW$22, DW_AT_name("T")
     336                      .dwattr $C$DW$22, DW_AT_location[DW_OP_reg22]
     337              
     338              $C$DW$23        .dwtag  DW_TAG_TI_assign_register
     339                      .dwattr $C$DW$23, DW_AT_name("ST0")
     340                      .dwattr $C$DW$23, DW_AT_location[DW_OP_reg23]
     341              
     342              $C$DW$24        .dwtag  DW_TAG_TI_assign_register
     343                      .dwattr $C$DW$24, DW_AT_name("ST1")
     344                      .dwattr $C$DW$24, DW_AT_location[DW_OP_reg24]
     345              
     346              $C$DW$25        .dwtag  DW_TAG_TI_assign_register
     347                      .dwattr $C$DW$25, DW_AT_name("PC")
     348                      .dwattr $C$DW$25, DW_AT_location[DW_OP_reg25]
     349              
     350              $C$DW$26        .dwtag  DW_TAG_TI_assign_register
     351                      .dwattr $C$DW$26, DW_AT_name("RPC")
     352                      .dwattr $C$DW$26, DW_AT_location[DW_OP_reg26]
     353              
     354              $C$DW$27        .dwtag  DW_TAG_TI_assign_register
     355                      .dwattr $C$DW$27, DW_AT_name("FP")
     356                      .dwattr $C$DW$27, DW_AT_location[DW_OP_reg28]
     357              
     358              $C$DW$28        .dwtag  DW_TAG_TI_assign_register
     359                      .dwattr $C$DW$28, DW_AT_name("DP")
     360                      .dwattr $C$DW$28, DW_AT_location[DW_OP_reg29]
     361              
     362              $C$DW$29        .dwtag  DW_TAG_TI_assign_register
     363                      .dwattr $C$DW$29, DW_AT_name("SXM")
     364                      .dwattr $C$DW$29, DW_AT_location[DW_OP_reg30]
     365              
     366              $C$DW$30        .dwtag  DW_TAG_TI_assign_register
     367                      .dwattr $C$DW$30, DW_AT_name("PM")
     368                      .dwattr $C$DW$30, DW_AT_location[DW_OP_reg31]
     369              
     370              $C$DW$31        .dwtag  DW_TAG_TI_assign_register
     371                      .dwattr $C$DW$31, DW_AT_name("OVM")
     372                      .dwattr $C$DW$31, DW_AT_location[DW_OP_regx 0x20]
     373              
     374              $C$DW$32        .dwtag  DW_TAG_TI_assign_register
     375                      .dwattr $C$DW$32, DW_AT_name("PAGE0")
     376                      .dwattr $C$DW$32, DW_AT_location[DW_OP_regx 0x21]
     377              
     378              $C$DW$33        .dwtag  DW_TAG_TI_assign_register
     379                      .dwattr $C$DW$33, DW_AT_name("AMODE")
     380                      .dwattr $C$DW$33, DW_AT_location[DW_OP_regx 0x22]
     381              
     382              $C$DW$34        .dwtag  DW_TAG_TI_assign_register
     383                      .dwattr $C$DW$34, DW_AT_name("INTM")
     384                      .dwattr $C$DW$34, DW_AT_location[DW_OP_regx 0x23]
     385              
TMS320C2000 Assembler PC v15.12.3 Fri Feb 24 10:50:42 2017

Tools Copyright (c) 1996-2015 Texas Instruments Incorporated
C:\Users\GUILHE~1\AppData\Local\Temp\0808010                         PAGE    8

     386              $C$DW$35        .dwtag  DW_TAG_TI_assign_register
     387                      .dwattr $C$DW$35, DW_AT_name("IFR")
     388                      .dwattr $C$DW$35, DW_AT_location[DW_OP_regx 0x24]
     389              
     390              $C$DW$36        .dwtag  DW_TAG_TI_assign_register
     391                      .dwattr $C$DW$36, DW_AT_name("IER")
     392                      .dwattr $C$DW$36, DW_AT_location[DW_OP_regx 0x25]
     393              
     394              $C$DW$37        .dwtag  DW_TAG_TI_assign_register
     395                      .dwattr $C$DW$37, DW_AT_name("V")
     396                      .dwattr $C$DW$37, DW_AT_location[DW_OP_regx 0x26]
     397              
     398              $C$DW$38        .dwtag  DW_TAG_TI_assign_register
     399                      .dwattr $C$DW$38, DW_AT_name("PSEUDOH")
     400                      .dwattr $C$DW$38, DW_AT_location[DW_OP_regx 0x4c]
     401              
     402              $C$DW$39        .dwtag  DW_TAG_TI_assign_register
     403                      .dwattr $C$DW$39, DW_AT_name("VOL")
     404                      .dwattr $C$DW$39, DW_AT_location[DW_OP_regx 0x4d]
     405              
     406              $C$DW$40        .dwtag  DW_TAG_TI_assign_register
     407                      .dwattr $C$DW$40, DW_AT_name("AR0")
     408                      .dwattr $C$DW$40, DW_AT_location[DW_OP_reg4]
     409              
     410              $C$DW$41        .dwtag  DW_TAG_TI_assign_register
     411                      .dwattr $C$DW$41, DW_AT_name("XAR0")
     412                      .dwattr $C$DW$41, DW_AT_location[DW_OP_reg5]
     413              
     414              $C$DW$42        .dwtag  DW_TAG_TI_assign_register
     415                      .dwattr $C$DW$42, DW_AT_name("AR1")
     416                      .dwattr $C$DW$42, DW_AT_location[DW_OP_reg6]
     417              
     418              $C$DW$43        .dwtag  DW_TAG_TI_assign_register
     419                      .dwattr $C$DW$43, DW_AT_name("XAR1")
     420                      .dwattr $C$DW$43, DW_AT_location[DW_OP_reg7]
     421              
     422              $C$DW$44        .dwtag  DW_TAG_TI_assign_register
     423                      .dwattr $C$DW$44, DW_AT_name("AR2")
     424                      .dwattr $C$DW$44, DW_AT_location[DW_OP_reg8]
     425              
     426              $C$DW$45        .dwtag  DW_TAG_TI_assign_register
     427                      .dwattr $C$DW$45, DW_AT_name("XAR2")
     428                      .dwattr $C$DW$45, DW_AT_location[DW_OP_reg9]
     429              
     430              $C$DW$46        .dwtag  DW_TAG_TI_assign_register
     431                      .dwattr $C$DW$46, DW_AT_name("AR3")
     432                      .dwattr $C$DW$46, DW_AT_location[DW_OP_reg10]
     433              
     434              $C$DW$47        .dwtag  DW_TAG_TI_assign_register
     435                      .dwattr $C$DW$47, DW_AT_name("XAR3")
     436                      .dwattr $C$DW$47, DW_AT_location[DW_OP_reg11]
     437              
     438              $C$DW$48        .dwtag  DW_TAG_TI_assign_register
     439                      .dwattr $C$DW$48, DW_AT_name("AR4")
     440                      .dwattr $C$DW$48, DW_AT_location[DW_OP_reg12]
TMS320C2000 Assembler PC v15.12.3 Fri Feb 24 10:50:42 2017

Tools Copyright (c) 1996-2015 Texas Instruments Incorporated
C:\Users\GUILHE~1\AppData\Local\Temp\0808010                         PAGE    9

     441              
     442              $C$DW$49        .dwtag  DW_TAG_TI_assign_register
     443                      .dwattr $C$DW$49, DW_AT_name("XAR4")
     444                      .dwattr $C$DW$49, DW_AT_location[DW_OP_reg13]
     445              
     446              $C$DW$50        .dwtag  DW_TAG_TI_assign_register
     447                      .dwattr $C$DW$50, DW_AT_name("AR5")
     448                      .dwattr $C$DW$50, DW_AT_location[DW_OP_reg14]
     449              
     450              $C$DW$51        .dwtag  DW_TAG_TI_assign_register
     451                      .dwattr $C$DW$51, DW_AT_name("XAR5")
     452                      .dwattr $C$DW$51, DW_AT_location[DW_OP_reg15]
     453              
     454              $C$DW$52        .dwtag  DW_TAG_TI_assign_register
     455                      .dwattr $C$DW$52, DW_AT_name("AR6")
     456                      .dwattr $C$DW$52, DW_AT_location[DW_OP_reg16]
     457              
     458              $C$DW$53        .dwtag  DW_TAG_TI_assign_register
     459                      .dwattr $C$DW$53, DW_AT_name("XAR6")
     460                      .dwattr $C$DW$53, DW_AT_location[DW_OP_reg17]
     461              
     462              $C$DW$54        .dwtag  DW_TAG_TI_assign_register
     463                      .dwattr $C$DW$54, DW_AT_name("AR7")
     464                      .dwattr $C$DW$54, DW_AT_location[DW_OP_reg18]
     465              
     466              $C$DW$55        .dwtag  DW_TAG_TI_assign_register
     467                      .dwattr $C$DW$55, DW_AT_name("XAR7")
     468                      .dwattr $C$DW$55, DW_AT_location[DW_OP_reg19]
     469              
     470                      .dwendtag $C$DW$CU
     471              

No Assembly Errors, No Assembly Warnings
